<?xml version="1.0" encoding="UTF-8"?>
<testsuite xmlns:xsi="http://www.w3.org/2001/XMLSchema-instance" xsi:noNamespaceSchemaLocation="https://maven.apache.org/surefire/maven-surefire-plugin/xsd/surefire-test-report.xsd" name="ParallelTest" time="3.53" tests="12" errors="0" skipped="0" failures="0">
  <properties>
[...]
</properties>
  <testcase name="StreamTimeTest1" classname="ParallelTest" time="0.738"/>
  <testcase name="StreamTimeTest2" classname="ParallelTest" time="0.399"/>
  <testcase name="StreamTimeTest4" classname="ParallelTest" time="0.233"/>
  <testcase name="StreamTimeTest8" classname="ParallelTest" time="0.169"/>
  <testcase name="StreamCorrectTest" classname="ParallelTest" time="0.005"/>
  <testcase name="ThreadsCorrectTest" classname="ParallelTest" time="0.004"/>
  <testcase name="ThreadsTimeTest12" classname="ParallelTest" time="0.125"/>
  <testcase name="ThreadsTimeTest1" classname="ParallelTest" time="0.721"/>
  <testcase name="ThreadsTimeTest2" classname="ParallelTest" time="0.462"/>
  <testcase name="ThreadsTimeTest4" classname="ParallelTest" time="0.249"/>
  <testcase name="ThreadsTimeTest8" classname="ParallelTest" time="0.166"/>
  <testcase name="StreamTimeTest12" classname="ParallelTest" time="0.126"/>
</testsuite>